<?xml version="1.0" encoding="UTF-8"?>
<!-- Generated by org.testng.reporters.JUnitXMLReporter -->
<testsuite ignored="10" hostname="LAPTOP-DFDTRN2Q" failures="0" tests="1" name="Default test" time="6.453" errors="0" timestamp="2022-04-15T15:10:34 IST">
  <testcase classname="seleniumdemo.seleniumdemo.differentTestTypes" name="googleTitleTest" time="0.855"/>
  <testcase classname="seleniumdemo.seleniumdemo.differentTestTypes" name="elementHighlight" time="0.0">
    <ignored/>
  </testcase> <!-- elementHighlight -->
  <testcase classname="seleniumdemo.seleniumdemo.differentTestTypes" name="facebookTest" time="0.0">
    <ignored/>
  </testcase> <!-- facebookTest -->
  <testcase classname="seleniumdemo.seleniumdemo.differentTestTypes" name="websitePopups" time="0.0">
    <ignored/>
  </testcase> <!-- websitePopups -->
  <testcase classname="seleniumdemo.seleniumdemo.differentTestTypes" name="windowScroll" time="0.0">
    <ignored/>
  </testcase> <!-- windowScroll -->
  <testcase classname="seleniumdemo.seleniumdemo.differentTestTypes" name="loginnotenabled" time="0.0">
    <ignored/>
  </testcase> <!-- loginnotenabled -->
  <testcase classname="seleniumdemo.seleniumdemo.differentTestTypes" name="loginenabled" time="0.0">
    <ignored/>
  </testcase> <!-- loginenabled -->
  <testcase classname="seleniumdemo.seleniumdemo.differentTestTypes" name="mouseCursorTest" time="0.0">
    <ignored/>
  </testcase> <!-- mouseCursorTest -->
  <testcase classname="seleniumdemo.seleniumdemo.differentTestTypes" name="explicitewait" time="0.0">
    <ignored/>
  </testcase> <!-- explicitewait -->
  <testcase classname="seleniumdemo.seleniumdemo.differentTestTypes" name="screenshot" time="0.0">
    <ignored/>
  </testcase> <!-- screenshot -->
  <testcase classname="seleniumdemo.seleniumdemo.differentTestTypes" name="dropdrowntest" time="0.0">
    <ignored/>
  </testcase> <!-- dropdrowntest -->
</testsuite> <!-- Default test -->
